Using pre-set license
Built from '2021.3/china_unity/release' branch; Version is '2021.3.8f1c1 (c20728c1e961) revision 12715816'; Using compiler version '192829333'; Build Type 'Release'
OS: 'Windows 11  (10.0.22635) 64bit Professional' Language: 'zh' Physical Memory: 32649 MB
BatchMode: 1, IsHumanControllingUs: 0, StartBugReporterOnCrash: 0, Is64bit: 1, IsPro: 1

COMMAND LINE ARGUMENTS:
D:\Software\2021.3.8f1c1\Editor\Unity.exe
-adb2
-batchMode
-noUpm
-name
AssetImportWorker0
-projectPath
G:/VRCdemo/GenAI-Privacy-Game
-logFile
Logs/AssetImportWorker0.log
-srvPort
61293
Successfully changed project path to: G:/VRCdemo/GenAI-Privacy-Game
G:/VRCdemo/GenAI-Privacy-Game
[UnityMemory] Configuration Parameters - Can be set up in boot.config
    "memorysetup-bucket-allocator-granularity=16"
    "memorysetup-bucket-allocator-bucket-count=8"
    "memorysetup-bucket-allocator-block-size=33554432"
    "memorysetup-bucket-allocator-block-count=8"
    "memorysetup-main-allocator-block-size=16777216"
    "memorysetup-thread-allocator-block-size=16777216"
    "memorysetup-gfx-main-allocator-block-size=16777216"
    "memorysetup-gfx-thread-allocator-block-size=16777216"
    "memorysetup-cache-allocator-block-size=4194304"
    "memorysetup-typetree-allocator-block-size=2097152"
    "memorysetup-profiler-bucket-allocator-granularity=16"
    "memorysetup-profiler-bucket-allocator-bucket-count=8"
    "memorysetup-profiler-bucket-allocator-block-size=33554432"
    "memorysetup-profiler-bucket-allocator-block-count=8"
    "memorysetup-profiler-allocator-block-size=16777216"
    "memorysetup-profiler-editor-allocator-block-size=1048576"
    "memorysetup-temp-allocator-size-main=16777216"
    "memorysetup-job-temp-allocator-block-size=2097152"
    "memorysetup-job-temp-allocator-block-size-background=1048576"
    "memorysetup-job-temp-allocator-reduction-small-platforms=262144"
    "memorysetup-temp-allocator-size-background-worker=32768"
    "memorysetup-temp-allocator-size-job-worker=262144"
    "memorysetup-temp-allocator-size-preload-manager=33554432"
    "memorysetup-temp-allocator-size-nav-mesh-worker=65536"
    "memorysetup-temp-allocator-size-audio-worker=65536"
    "memorysetup-temp-allocator-size-cloud-worker=32768"
    "memorysetup-temp-allocator-size-gi-baking-worker=262144"
    "memorysetup-temp-allocator-size-gfx=262144"
AS: AutoStreaming module initializing.
Refreshing native plugins compatible for Editor in 66.08 ms, found 4 plugins.
Preloading 0 native plugins for Editor in 0.00 ms.
Initialize engine version: 2021.3.8f1c1 (c20728c1e961)
[Subsystems] Discovering subsystems at path D:/Software/2021.3.8f1c1/Editor/Data/Resources/UnitySubsystems
[Subsystems] Discovering subsystems at path G:/VRCdemo/GenAI-Privacy-Game/Assets
GfxDevice: creating device client; threaded=0; jobified=0
Direct3D:
    Version:  Direct3D 11.0 [level 11.1]
    Renderer: NVIDIA GeForce RTX 3070 (ID=0x2484)
    Vendor:   NVIDIA
    VRAM:     8018 MB
    Driver:   32.0.15.6038
Initialize mono
Mono path[0] = 'D:/Software/2021.3.8f1c1/Editor/Data/Managed'
Mono path[1] = 'D:/Software/2021.3.8f1c1/Editor/Data/MonoBleedingEdge/lib/mono/unityjit-win32'
Mono config path = 'D:/Software/2021.3.8f1c1/Editor/Data/MonoBleedingEdge/etc'
Using monoOptions --debugger-agent=transport=dt_socket,embedding=1,server=y,suspend=n,address=127.0.0.1:56572
Begin MonoManager ReloadAssembly
Registering precompiled unity dll's ...
Register platform support module: D:/Software/2021.3.8f1c1/Editor/Data/PlaybackEngines/WebGLSupport/UnityEditor.WebGL.Extensions.dll
Register platform support module: D:/Software/2021.3.8f1c1/Editor/Data/PlaybackEngines/AndroidPlayer/UnityEditor.Android.Extensions.dll
Register platform support module: D:/Software/2021.3.8f1c1/Editor/Data/PlaybackEngines/WindowsStandaloneSupport/UnityEditor.WindowsStandalone.Extensions.dll
Registered in 0.004221 seconds.
Native extension for WindowsStandalone target not found
Native extension for Android target not found
Native extension for WebGL target not found
Refreshing native plugins compatible for Editor in 73.94 ms, found 4 plugins.
Preloading 0 native plugins for Editor in 0.00 ms.
Mono: successfully reloaded assembly
- Completed reload, in  0.841 seconds
Domain Reload Profiling:
	ReloadAssembly (841ms)
		BeginReloadAssembly (110ms)
			ExecutionOrderSort (0ms)
			DisableScriptedObjects (0ms)
			BackupInstance (0ms)
			ReleaseScriptingObjects (0ms)
			CreateAndSetChildDomain (1ms)
		EndReloadAssembly (578ms)
			LoadAssemblies (109ms)
			RebuildTransferFunctionScriptingTraits (0ms)
			SetupTypeCache (174ms)
			ReleaseScriptCaches (0ms)
			RebuildScriptCaches (33ms)
			SetupLoadedEditorAssemblies (313ms)
				LogAssemblyErrors (0ms)
				InitializePlatformSupportModulesInManaged (72ms)
				SetLoadedEditorAssemblies (0ms)
				RefreshPlugins (74ms)
				BeforeProcessingInitializeOnLoad (1ms)
				ProcessInitializeOnLoadAttributes (114ms)
				ProcessInitializeOnLoadMethodAttributes (52ms)
				AfterProcessingInitializeOnLoad (0ms)
				EditorAssembliesLoaded (0ms)
			ExecutionOrderSort2 (0ms)
			AwakeInstancesAfterBackupRestoration (0ms)
Platform modules already initialized, skipping
Registering precompiled user dll's ...
Registered in 0.007962 seconds.
Begin MonoManager ReloadAssembly
Symbol file LoadedFromMemory doesn't match image G:\VRCdemo\GenAI-Privacy-Game\Library\PackageCache\com.unity.visualscripting@1.7.8\Editor\VisualScripting.Core\Dependencies\YamlDotNet\Unity.VisualScripting.YamlDotNet.dll
Symbol file LoadedFromMemory doesn't match image G:\VRCdemo\GenAI-Privacy-Game\Library\PackageCache\com.unity.visualscripting@1.7.8\Editor\VisualScripting.Core\Dependencies\DotNetZip\Unity.VisualScripting.IonicZip.dll
Native extension for WindowsStandalone target not found
Native extension for Android target not found
Native extension for WebGL target not found
Refreshing native plugins compatible for Editor in 0.65 ms, found 4 plugins.
Preloading 0 native plugins for Editor in 0.00 ms.
Mono: successfully reloaded assembly
- Completed reload, in  0.974 seconds
Domain Reload Profiling:
	ReloadAssembly (974ms)
		BeginReloadAssembly (206ms)
			ExecutionOrderSort (0ms)
			DisableScriptedObjects (6ms)
			BackupInstance (0ms)
			ReleaseScriptingObjects (0ms)
			CreateAndSetChildDomain (132ms)
		EndReloadAssembly (672ms)
			LoadAssemblies (60ms)
			RebuildTransferFunctionScriptingTraits (0ms)
			SetupTypeCache (203ms)
			ReleaseScriptCaches (1ms)
			RebuildScriptCaches (49ms)
			SetupLoadedEditorAssemblies (309ms)
				LogAssemblyErrors (0ms)
				InitializePlatformSupportModulesInManaged (13ms)
				SetLoadedEditorAssemblies (1ms)
				RefreshPlugins (1ms)
				BeforeProcessingInitializeOnLoad (68ms)
				ProcessInitializeOnLoadAttributes (197ms)
				ProcessInitializeOnLoadMethodAttributes (25ms)
				AfterProcessingInitializeOnLoad (5ms)
				EditorAssembliesLoaded (0ms)
			ExecutionOrderSort2 (0ms)
			AwakeInstancesAfterBackupRestoration (8ms)
Platform modules already initialized, skipping
========================================================================
Worker process is ready to serve import requests
Launched and connected shader compiler UnityShaderCompiler.exe after 0.04 seconds
Refreshing native plugins compatible for Editor in 0.49 ms, found 4 plugins.
Preloading 0 native plugins for Editor in 0.00 ms.
Unloading 3325 Unused Serialized files (Serialized files now loaded: 0)
Unloading 29 unused Assets / (55.7 KB). Loaded Objects now: 3785.
Memory consumption went from 115.8 MB to 115.7 MB.
Total: 2.957100 ms (FindLiveObjects: 0.207100 ms CreateObjectMapping: 0.163000 ms MarkObjects: 2.510200 ms  DeleteObjects: 0.075500 ms)

AssetImportParameters requested are different than current active one (requested -> active):
  custom:video-decoder-ogg-theora: a1e56fd34408186e4bbccfd4996cb3dc -> 
  custom:container-muxer-webm: aa71ff27fc2769a1b78a27578f13a17b -> 
  custom:container-demuxer-webm: 4f35f7cbe854078d1ac9338744f61a02 -> 
  custom:video-encoder-webm-vp8: eb34c28f22e8b96e1ab97ce403110664 -> 
  custom:audio-encoder-webm-vorbis: bf7c407c2cedff20999df2af8eb42d56 -> 
  custom:framework-win-MediaFoundation: 216162199b28c13a410421893ffa2e32 -> 
  custom:container-demuxer-ogg: 62fdf1f143b41e24485cea50d1cbac27 -> 
  custom:video-decoder-webm-vp8: 9c59270c3fd7afecdb556c50c9e8de78 -> 
  custom:audio-decoder-ogg-vorbis: bf7c407c2cedff20999df2af8eb42d56 -> 
========================================================================
Received Import Request.
  Time since last request: 274450.886635 seconds.
  path: Assets/AIChatTookit/Texure/background1.png
  artifactKey: Guid(dfa669077529e8041bee57a2debd835e) Importer(815301076,1909f56bfc062723c751e8b465ee728b)
Start importing Assets/AIChatTookit/Texure/background1.png using Guid(dfa669077529e8041bee57a2debd835e) Importer(815301076,1909f56bfc062723c751e8b465ee728b)  -> (artifact id: '61d1931d8b98f619cea7c9bcd8b747eb') in 0.128350 seconds 
========================================================================
Received Import Request.
  Time since last request: 0.000019 seconds.
  path: Assets/AIChatTookit/Texure/GFL798Q]FYY@SHWK9%VNBED.png
  artifactKey: Guid(3a1bb76192db3ed4f9a064dbe39087a9) Importer(815301076,1909f56bfc062723c751e8b465ee728b)
Start importing Assets/AIChatTookit/Texure/GFL798Q]FYY@SHWK9%VNBED.png using Guid(3a1bb76192db3ed4f9a064dbe39087a9) Importer(815301076,1909f56bfc062723c751e8b465ee728b)  -> (artifact id: '3d6aaa25caaf5a2fdafba9ec3ebb45ba') in 0.036795 seconds 
========================================================================
Received Import Request.
  Time since last request: 0.000025 seconds.
  path: Assets/AIChatTookit/Texure/head.png
  artifactKey: Guid(820c8b6b1478de5478ef8d293a6b19bf) Importer(815301076,1909f56bfc062723c751e8b465ee728b)
Start importing Assets/AIChatTookit/Texure/head.png using Guid(820c8b6b1478de5478ef8d293a6b19bf) Importer(815301076,1909f56bfc062723c751e8b465ee728b)  -> (artifact id: '3da9fdff457473ba5d14be1b6007ce75') in 0.045798 seconds 
========================================================================
Received Import Request.
  Time since last request: 0.000024 seconds.
  path: Assets/AIChatTookit/Texure/图片3.png
  artifactKey: Guid(187fd519db6b8494bae1048646c11e1a) Importer(815301076,1909f56bfc062723c751e8b465ee728b)
Start importing Assets/AIChatTookit/Texure/图片3.png using Guid(187fd519db6b8494bae1048646c11e1a) Importer(815301076,1909f56bfc062723c751e8b465ee728b)  -> (artifact id: 'e83b28a76485b7ba9a166bcc060219b0') in 0.023201 seconds 
========================================================================
Received Import Request.
  Time since last request: 0.000028 seconds.
  path: Assets/AIChatTookit/Texure/msg.png
  artifactKey: Guid(40900a09afd3d694f905b2651b29003b) Importer(815301076,1909f56bfc062723c751e8b465ee728b)
Start importing Assets/AIChatTookit/Texure/msg.png using Guid(40900a09afd3d694f905b2651b29003b) Importer(815301076,1909f56bfc062723c751e8b465ee728b)  -> (artifact id: 'fb0604b610722c72bacda62ca14c2da3') in 0.029975 seconds 
========================================================================
Received Import Request.
  Time since last request: 0.000024 seconds.
  path: Assets/images/clue_05.png
  artifactKey: Guid(8fc4906fa3b2fd844ab638886b83464b) Importer(815301076,1909f56bfc062723c751e8b465ee728b)
Start importing Assets/images/clue_05.png using Guid(8fc4906fa3b2fd844ab638886b83464b) Importer(815301076,1909f56bfc062723c751e8b465ee728b)  -> (artifact id: 'ecd4e936198f712099b4a12113271112') in 0.031481 seconds 
========================================================================
Received Import Request.
  Time since last request: 0.000026 seconds.
  path: Assets/AIChatTookit/Texure/图片.jpg
  artifactKey: Guid(b2ecc9345f8067b41a001876cc8b2296) Importer(815301076,1909f56bfc062723c751e8b465ee728b)
Start importing Assets/AIChatTookit/Texure/图片.jpg using Guid(b2ecc9345f8067b41a001876cc8b2296) Importer(815301076,1909f56bfc062723c751e8b465ee728b)  -> (artifact id: 'c79ebd88d17d7a7d54014cbeb59b5a0e') in 0.039125 seconds 
========================================================================
Received Import Request.
  Time since last request: 0.000025 seconds.
  path: Assets/AIChatTookit/Texure/御姐.png
  artifactKey: Guid(03e184a3e3fb52043953df535a0b5668) Importer(815301076,1909f56bfc062723c751e8b465ee728b)
Start importing Assets/AIChatTookit/Texure/御姐.png using Guid(03e184a3e3fb52043953df535a0b5668) Importer(815301076,1909f56bfc062723c751e8b465ee728b)  -> (artifact id: 'cd45253b669a2d28624b3e51a948f97c') in 0.036281 seconds 
========================================================================
Received Import Request.
  Time since last request: 0.000046 seconds.
  path: Assets/images/clue_06.png
  artifactKey: Guid(cff649172ede16d439a554ca85e24451) Importer(815301076,1909f56bfc062723c751e8b465ee728b)
Start importing Assets/images/clue_06.png using Guid(cff649172ede16d439a554ca85e24451) Importer(815301076,1909f56bfc062723c751e8b465ee728b)  -> (artifact id: 'a30d3901b6156fe02b17fb82160fec56') in 0.026616 seconds 
========================================================================
Received Import Request.
  Time since last request: 0.000062 seconds.
  path: Assets/images/T1外景提供具体位置后1.png
  artifactKey: Guid(882d1731fcf4577419b686521ac1b132) Importer(815301076,1909f56bfc062723c751e8b465ee728b)
Start importing Assets/images/T1外景提供具体位置后1.png using Guid(882d1731fcf4577419b686521ac1b132) Importer(815301076,1909f56bfc062723c751e8b465ee728b)  -> (artifact id: 'b34f8479dc43d95313c35aef7d7a5475') in 0.029455 seconds 
========================================================================
Received Import Request.
  Time since last request: 0.000032 seconds.
  path: Assets/images/clue_03.png
  artifactKey: Guid(c6aaf3fe9ffe4304ca7db09e6a8e84f3) Importer(815301076,1909f56bfc062723c751e8b465ee728b)
Start importing Assets/images/clue_03.png using Guid(c6aaf3fe9ffe4304ca7db09e6a8e84f3) Importer(815301076,1909f56bfc062723c751e8b465ee728b)  -> (artifact id: '8be0ba25d8e83b4b1611ec74b7dbb4ea') in 0.023842 seconds 
========================================================================
Received Import Request.
  Time since last request: 0.000038 seconds.
  path: Assets/AIChatTookit/Texure/语音图标.png
  artifactKey: Guid(63f3bb2ccb34d40499f928b7f76f1212) Importer(815301076,1909f56bfc062723c751e8b465ee728b)
Start importing Assets/AIChatTookit/Texure/语音图标.png using Guid(63f3bb2ccb34d40499f928b7f76f1212) Importer(815301076,1909f56bfc062723c751e8b465ee728b)  -> (artifact id: '7c4c80a668a09e6dd7f57b6c160955df') in 0.047482 seconds 
========================================================================
Received Import Request.
  Time since last request: 0.000020 seconds.
  path: Assets/AIChatTookit/Texure/软妹子1.png
  artifactKey: Guid(9799aea0f350e614194e4fd1721d7bf1) Importer(815301076,1909f56bfc062723c751e8b465ee728b)
Start importing Assets/AIChatTookit/Texure/软妹子1.png using Guid(9799aea0f350e614194e4fd1721d7bf1) Importer(815301076,1909f56bfc062723c751e8b465ee728b)  -> (artifact id: '7c6d8ef734cc4a7e77d9713f759ed973') in 0.026456 seconds 
========================================================================
Received Import Request.
  Time since last request: 0.000022 seconds.
  path: Assets/AIChatTookit/Texure/键盘图标.png
  artifactKey: Guid(be04bcee9074fcf4d9fafb54ccdd8499) Importer(815301076,1909f56bfc062723c751e8b465ee728b)
Start importing Assets/AIChatTookit/Texure/键盘图标.png using Guid(be04bcee9074fcf4d9fafb54ccdd8499) Importer(815301076,1909f56bfc062723c751e8b465ee728b)  -> (artifact id: 'f90c340986e0e88999f77eb5e7fa8ae1') in 0.029638 seconds 
========================================================================
Received Prepare
Registering precompiled user dll's ...
Registered in 0.007556 seconds.
Begin MonoManager ReloadAssembly
Symbol file LoadedFromMemory doesn't match image G:\VRCdemo\GenAI-Privacy-Game\Library\PackageCache\com.unity.visualscripting@1.7.8\Editor\VisualScripting.Core\Dependencies\YamlDotNet\Unity.VisualScripting.YamlDotNet.dll
Symbol file LoadedFromMemory doesn't match image G:\VRCdemo\GenAI-Privacy-Game\Library\PackageCache\com.unity.visualscripting@1.7.8\Editor\VisualScripting.Core\Dependencies\DotNetZip\Unity.VisualScripting.IonicZip.dll
Native extension for WindowsStandalone target not found
Native extension for Android target not found
Native extension for WebGL target not found
Refreshing native plugins compatible for Editor in 0.48 ms, found 4 plugins.
Preloading 0 native plugins for Editor in 0.00 ms.
Mono: successfully reloaded assembly
- Completed reload, in  0.781 seconds
Domain Reload Profiling:
	ReloadAssembly (782ms)
		BeginReloadAssembly (103ms)
			ExecutionOrderSort (0ms)
			DisableScriptedObjects (4ms)
			BackupInstance (0ms)
			ReleaseScriptingObjects (0ms)
			CreateAndSetChildDomain (26ms)
		EndReloadAssembly (604ms)
			LoadAssemblies (66ms)
			RebuildTransferFunctionScriptingTraits (0ms)
			SetupTypeCache (203ms)
			ReleaseScriptCaches (1ms)
			RebuildScriptCaches (33ms)
			SetupLoadedEditorAssemblies (259ms)
				LogAssemblyErrors (0ms)
				InitializePlatformSupportModulesInManaged (20ms)
				SetLoadedEditorAssemblies (0ms)
				RefreshPlugins (1ms)
				BeforeProcessingInitializeOnLoad (42ms)
				ProcessInitializeOnLoadAttributes (165ms)
				ProcessInitializeOnLoadMethodAttributes (26ms)
				AfterProcessingInitializeOnLoad (5ms)
				EditorAssembliesLoaded (0ms)
			ExecutionOrderSort2 (0ms)
			AwakeInstancesAfterBackupRestoration (6ms)
Platform modules already initialized, skipping
Refreshing native plugins compatible for Editor in 2.83 ms, found 4 plugins.
Preloading 0 native plugins for Editor in 0.00 ms.
Unloading 3305 Unused Serialized files (Serialized files now loaded: 0)
Unloading 22 unused Assets / (24.6 KB). Loaded Objects now: 3818.
Memory consumption went from 118.6 MB to 118.5 MB.
Total: 3.267800 ms (FindLiveObjects: 0.247900 ms CreateObjectMapping: 0.163000 ms MarkObjects: 2.820300 ms  DeleteObjects: 0.035300 ms)

AssetImportParameters requested are different than current active one (requested -> active):
  custom:video-decoder-ogg-theora: a1e56fd34408186e4bbccfd4996cb3dc -> 
  custom:container-muxer-webm: aa71ff27fc2769a1b78a27578f13a17b -> 
  custom:container-demuxer-webm: 4f35f7cbe854078d1ac9338744f61a02 -> 
  custom:video-encoder-webm-vp8: eb34c28f22e8b96e1ab97ce403110664 -> 
  custom:audio-encoder-webm-vorbis: bf7c407c2cedff20999df2af8eb42d56 -> 
  custom:framework-win-MediaFoundation: 216162199b28c13a410421893ffa2e32 -> 
  custom:container-demuxer-ogg: 62fdf1f143b41e24485cea50d1cbac27 -> 
  custom:video-decoder-webm-vp8: 9c59270c3fd7afecdb556c50c9e8de78 -> 
  custom:audio-decoder-ogg-vorbis: bf7c407c2cedff20999df2af8eb42d56 -> 
Editor requested this worker to shutdown with reason: Scaling down because of idle timeout
AssetImportWorker is now disconnected from the server
Process exiting
Exiting without the bug reporter. Application will terminate with return code 0